2025-05-30T22:28:28.476+09:00  INFO 16680 --- [http-nio-8080-exec-9] c.g.d.d.member.service.MemberService     : [로그인 성공] 사용자: qkrwltkd
2025-05-30T22:48:46.459+09:00  INFO 4828 --- [main] com.ground.dogtor.DogtorApplication      : Starting DogtorApplication using Java 23.0.2 with PID 4828 (C:\Users\i5 9400f\Documents\GitHub\dogtor\build\classes\java\main started by i5 9400f in C:\Users\i5 9400f\Documents\GitHub\dogtor)
2025-05-30T22:48:46.464+09:00 DEBUG 4828 --- [main] com.ground.dogtor.DogtorApplication      : Running with Spring Boot v3.5.0, Spring v6.2.7
2025-05-30T22:48:46.465+09:00  INFO 4828 --- [main] com.ground.dogtor.DogtorApplication      : No active profile set, falling back to 1 default profile: "default"
2025-05-30T22:48:47.419+09:00  INFO 4828 --- [main] .s.d.r.c.RepositoryConfigurationDelegate : Bootstrapping Spring Data JDBC repositories in DEFAULT mode.
2025-05-30T22:48:47.450+09:00  INFO 4828 --- [main] .s.d.r.c.RepositoryConfigurationDelegate : Finished Spring Data repository scanning in 21 ms. Found 0 JDBC repository interfaces.
2025-05-30T22:48:48.123+09:00  INFO 4828 --- [main] o.s.b.w.embedded.tomcat.TomcatWebServer  : Tomcat initialized with port 8080 (http)
2025-05-30T22:48:48.142+09:00  INFO 4828 --- [main] o.apache.catalina.core.StandardService   : Starting service [Tomcat]
2025-05-30T22:48:48.142+09:00  INFO 4828 --- [main] o.apache.catalina.core.StandardEngine    : Starting Servlet engine: [Apache Tomcat/10.1.41]
2025-05-30T22:48:48.478+09:00  INFO 4828 --- [main] org.apache.jasper.servlet.TldScanner     : At least one JAR was scanned for TLDs yet contained no TLDs. Enable debug logging for this logger for a complete list of JARs that were scanned but no TLDs were found in them. Skipping unneeded JARs during scanning can improve startup time and JSP compilation time.
2025-05-30T22:48:48.488+09:00  INFO 4828 --- [main] o.a.c.c.C.[Tomcat].[localhost].[/]       : Initializing Spring embedded WebApplicationContext
2025-05-30T22:48:48.488+09:00  INFO 4828 --- [main] w.s.c.ServletWebServerApplicationContext : Root WebApplicationContext: initialization completed in 1898 ms
2025-05-30T22:48:48.828+09:00  WARN 4828 --- [main] .s.s.UserDetailsServiceAutoConfiguration : 

Using generated security password: 058f6bd7-c21b-4ad1-8c74-01d4ea77db3a

This generated password is for development use only. Your security configuration must be updated before running your application in production.

2025-05-30T22:48:48.836+09:00  INFO 4828 --- [main] r$InitializeUserDetailsManagerConfigurer : Global AuthenticationManager configured with UserDetailsService bean with name inMemoryUserDetailsManager
2025-05-30T22:48:49.056+09:00  INFO 4828 --- [main] o.s.b.a.w.s.WelcomePageHandlerMapping    : Adding welcome page template: index
2025-05-30T22:48:49.418+09:00  INFO 4828 --- [main] com.zaxxer.hikari.HikariDataSource       : HikariPool-1 - Starting...
2025-05-30T22:48:49.871+09:00  INFO 4828 --- [main] com.zaxxer.hikari.pool.HikariPool        : HikariPool-1 - Added connection com.mysql.cj.jdbc.ConnectionImpl@280ecc33
2025-05-30T22:48:49.873+09:00  INFO 4828 --- [main] com.zaxxer.hikari.HikariDataSource       : HikariPool-1 - Start completed.
2025-05-30T22:48:50.143+09:00  INFO 4828 --- [main] o.s.b.w.embedded.tomcat.TomcatWebServer  : Tomcat started on port 8080 (http) with context path '/'
2025-05-30T22:48:50.152+09:00  INFO 4828 --- [main] com.ground.dogtor.DogtorApplication      : Started DogtorApplication in 4.594 seconds (process running for 5.139)
2025-05-30T22:48:52.746+09:00  INFO 4828 --- [http-nio-8080-exec-1] o.a.c.c.C.[Tomcat].[localhost].[/]       : Initializing Spring DispatcherServlet 'dispatcherServlet'
2025-05-30T22:48:52.747+09:00  INFO 4828 --- [http-nio-8080-exec-1] o.s.web.servlet.DispatcherServlet        : Initializing Servlet 'dispatcherServlet'
2025-05-30T22:48:52.748+09:00  INFO 4828 --- [http-nio-8080-exec-1] o.s.web.servlet.DispatcherServlet        : Completed initialization in 1 ms
2025-05-30T22:49:02.071+09:00  INFO 4828 --- [http-nio-8080-exec-6] c.g.d.d.member.service.MemberService     : [로그인 성공] 사용자: qkrwltkd
2025-05-30T22:49:19.826+09:00  INFO 4828 --- [http-nio-8080-exec-1] c.g.d.d.member.service.MemberService     : [회원 정보 수정 성공] 회원 ID: 23
2025-05-30T22:49:35.037+09:00  INFO 4828 --- [http-nio-8080-exec-7] c.g.d.d.member.service.MemberService     : [회원 정보 수정 성공] 회원 ID: 23
2025-05-30T22:51:27.632+09:00  INFO 22304 --- [main] com.ground.dogtor.DogtorApplication      : Starting DogtorApplication using Java 23.0.2 with PID 22304 (C:\Users\i5 9400f\Documents\GitHub\dogtor\build\classes\java\main started by i5 9400f in C:\Users\i5 9400f\Documents\GitHub\dogtor)
2025-05-30T22:51:27.634+09:00 DEBUG 22304 --- [main] com.ground.dogtor.DogtorApplication      : Running with Spring Boot v3.5.0, Spring v6.2.7
2025-05-30T22:51:27.635+09:00  INFO 22304 --- [main] com.ground.dogtor.DogtorApplication      : No active profile set, falling back to 1 default profile: "default"
2025-05-30T22:51:28.628+09:00  INFO 22304 --- [main] .s.d.r.c.RepositoryConfigurationDelegate : Bootstrapping Spring Data JDBC repositories in DEFAULT mode.
2025-05-30T22:51:28.674+09:00  INFO 22304 --- [main] .s.d.r.c.RepositoryConfigurationDelegate : Finished Spring Data repository scanning in 35 ms. Found 0 JDBC repository interfaces.
2025-05-30T22:51:29.488+09:00  INFO 22304 --- [main] o.s.b.w.embedded.tomcat.TomcatWebServer  : Tomcat initialized with port 8080 (http)
2025-05-30T22:51:29.504+09:00  INFO 22304 --- [main] o.apache.catalina.core.StandardService   : Starting service [Tomcat]
2025-05-30T22:51:29.504+09:00  INFO 22304 --- [main] o.apache.catalina.core.StandardEngine    : Starting Servlet engine: [Apache Tomcat/10.1.41]
2025-05-30T22:51:29.818+09:00  INFO 22304 --- [main] org.apache.jasper.servlet.TldScanner     : At least one JAR was scanned for TLDs yet contained no TLDs. Enable debug logging for this logger for a complete list of JARs that were scanned but no TLDs were found in them. Skipping unneeded JARs during scanning can improve startup time and JSP compilation time.
2025-05-30T22:51:29.828+09:00  INFO 22304 --- [main] o.a.c.c.C.[Tomcat].[localhost].[/]       : Initializing Spring embedded WebApplicationContext
2025-05-30T22:51:29.828+09:00  INFO 22304 --- [main] w.s.c.ServletWebServerApplicationContext : Root WebApplicationContext: initialization completed in 2133 ms
2025-05-30T22:51:30.205+09:00  WARN 22304 --- [main] .s.s.UserDetailsServiceAutoConfiguration : 

Using generated security password: 603e50f1-110f-4c07-b75e-d13eb2b56926

This generated password is for development use only. Your security configuration must be updated before running your application in production.

2025-05-30T22:51:30.213+09:00  INFO 22304 --- [main] r$InitializeUserDetailsManagerConfigurer : Global AuthenticationManager configured with UserDetailsService bean with name inMemoryUserDetailsManager
2025-05-30T22:51:30.346+09:00  INFO 22304 --- [main] o.s.b.a.w.s.WelcomePageHandlerMapping    : Adding welcome page template: index
2025-05-30T22:51:30.632+09:00  INFO 22304 --- [main] com.zaxxer.hikari.HikariDataSource       : HikariPool-1 - Starting...
2025-05-30T22:51:30.984+09:00  INFO 22304 --- [main] com.zaxxer.hikari.pool.HikariPool        : HikariPool-1 - Added connection com.mysql.cj.jdbc.ConnectionImpl@70cf7d1e
2025-05-30T22:51:30.987+09:00  INFO 22304 --- [main] com.zaxxer.hikari.HikariDataSource       : HikariPool-1 - Start completed.
2025-05-30T22:51:31.237+09:00  INFO 22304 --- [main] o.s.b.w.embedded.tomcat.TomcatWebServer  : Tomcat started on port 8080 (http) with context path '/'
2025-05-30T22:51:31.245+09:00  INFO 22304 --- [main] com.ground.dogtor.DogtorApplication      : Started DogtorApplication in 4.322 seconds (process running for 4.881)
2025-05-30T22:51:39.899+09:00  INFO 22304 --- [http-nio-8080-exec-1] o.a.c.c.C.[Tomcat].[localhost].[/]       : Initializing Spring DispatcherServlet 'dispatcherServlet'
2025-05-30T22:51:39.899+09:00  INFO 22304 --- [http-nio-8080-exec-1] o.s.web.servlet.DispatcherServlet        : Initializing Servlet 'dispatcherServlet'
2025-05-30T22:51:39.901+09:00  INFO 22304 --- [http-nio-8080-exec-1] o.s.web.servlet.DispatcherServlet        : Completed initialization in 1 ms
2025-05-30T22:53:44.996+09:00  INFO 20252 --- [main] com.ground.dogtor.DogtorApplication      : Starting DogtorApplication using Java 23.0.2 with PID 20252 (C:\Users\i5 9400f\Documents\GitHub\dogtor\build\classes\java\main started by i5 9400f in C:\Users\i5 9400f\Documents\GitHub\dogtor)
2025-05-30T22:53:44.998+09:00 DEBUG 20252 --- [main] com.ground.dogtor.DogtorApplication      : Running with Spring Boot v3.5.0, Spring v6.2.7
2025-05-30T22:53:45.000+09:00  INFO 20252 --- [main] com.ground.dogtor.DogtorApplication      : No active profile set, falling back to 1 default profile: "default"
2025-05-30T22:53:45.959+09:00  INFO 20252 --- [main] .s.d.r.c.RepositoryConfigurationDelegate : Bootstrapping Spring Data JDBC repositories in DEFAULT mode.
2025-05-30T22:53:45.987+09:00  INFO 20252 --- [main] .s.d.r.c.RepositoryConfigurationDelegate : Finished Spring Data repository scanning in 19 ms. Found 0 JDBC repository interfaces.
2025-05-30T22:53:46.652+09:00  INFO 20252 --- [main] o.s.b.w.embedded.tomcat.TomcatWebServer  : Tomcat initialized with port 8080 (http)
2025-05-30T22:53:46.667+09:00  INFO 20252 --- [main] o.apache.catalina.core.StandardService   : Starting service [Tomcat]
2025-05-30T22:53:46.667+09:00  INFO 20252 --- [main] o.apache.catalina.core.StandardEngine    : Starting Servlet engine: [Apache Tomcat/10.1.41]
2025-05-30T22:53:46.969+09:00  INFO 20252 --- [main] org.apache.jasper.servlet.TldScanner     : At least one JAR was scanned for TLDs yet contained no TLDs. Enable debug logging for this logger for a complete list of JARs that were scanned but no TLDs were found in them. Skipping unneeded JARs during scanning can improve startup time and JSP compilation time.
2025-05-30T22:53:46.980+09:00  INFO 20252 --- [main] o.a.c.c.C.[Tomcat].[localhost].[/]       : Initializing Spring embedded WebApplicationContext
2025-05-30T22:53:46.981+09:00  INFO 20252 --- [main] w.s.c.ServletWebServerApplicationContext : Root WebApplicationContext: initialization completed in 1917 ms
2025-05-30T22:53:47.362+09:00  WARN 20252 --- [main] .s.s.UserDetailsServiceAutoConfiguration : 

Using generated security password: 757b04eb-ea0f-4c39-9475-e426018ba22d

This generated password is for development use only. Your security configuration must be updated before running your application in production.

2025-05-30T22:53:47.371+09:00  INFO 20252 --- [main] r$InitializeUserDetailsManagerConfigurer : Global AuthenticationManager configured with UserDetailsService bean with name inMemoryUserDetailsManager
2025-05-30T22:53:47.520+09:00  INFO 20252 --- [main] o.s.b.a.w.s.WelcomePageHandlerMapping    : Adding welcome page template: index
2025-05-30T22:53:47.886+09:00  INFO 20252 --- [main] com.zaxxer.hikari.HikariDataSource       : HikariPool-1 - Starting...
2025-05-30T22:53:48.301+09:00  INFO 20252 --- [main] com.zaxxer.hikari.pool.HikariPool        : HikariPool-1 - Added connection com.mysql.cj.jdbc.ConnectionImpl@15f519f7
2025-05-30T22:53:48.303+09:00  INFO 20252 --- [main] com.zaxxer.hikari.HikariDataSource       : HikariPool-1 - Start completed.
2025-05-30T22:53:48.600+09:00  INFO 20252 --- [main] o.s.b.w.embedded.tomcat.TomcatWebServer  : Tomcat started on port 8080 (http) with context path '/'
2025-05-30T22:53:48.611+09:00  INFO 20252 --- [main] com.ground.dogtor.DogtorApplication      : Started DogtorApplication in 4.26 seconds (process running for 4.652)
2025-05-30T22:53:53.267+09:00  INFO 20252 --- [http-nio-8080-exec-1] o.a.c.c.C.[Tomcat].[localhost].[/]       : Initializing Spring DispatcherServlet 'dispatcherServlet'
2025-05-30T22:53:53.267+09:00  INFO 20252 --- [http-nio-8080-exec-1] o.s.web.servlet.DispatcherServlet        : Initializing Servlet 'dispatcherServlet'
2025-05-30T22:53:53.268+09:00  INFO 20252 --- [http-nio-8080-exec-1] o.s.web.servlet.DispatcherServlet        : Completed initialization in 0 ms
2025-05-30T22:54:02.049+09:00  INFO 20252 --- [http-nio-8080-exec-3] c.g.d.d.member.service.MemberService     : [로그인 성공] 사용자: qkrwltkd
2025-05-30T22:54:07.107+09:00  INFO 20252 --- [http-nio-8080-exec-1] c.g.d.d.member.service.MemberService     : [회원 정보 수정 성공] 회원 ID: 23
2025-05-30T23:12:04.961+09:00  INFO 16608 --- [main] com.ground.dogtor.DogtorApplication      : Starting DogtorApplication using Java 23.0.2 with PID 16608 (C:\Users\i5 9400f\Documents\GitHub\dogtor\build\classes\java\main started by i5 9400f in C:\Users\i5 9400f\Documents\GitHub\dogtor)
2025-05-30T23:12:04.963+09:00 DEBUG 16608 --- [main] com.ground.dogtor.DogtorApplication      : Running with Spring Boot v3.5.0, Spring v6.2.7
2025-05-30T23:12:04.964+09:00  INFO 16608 --- [main] com.ground.dogtor.DogtorApplication      : No active profile set, falling back to 1 default profile: "default"
2025-05-30T23:12:05.874+09:00  INFO 16608 --- [main] .s.d.r.c.RepositoryConfigurationDelegate : Bootstrapping Spring Data JDBC repositories in DEFAULT mode.
2025-05-30T23:12:05.903+09:00  INFO 16608 --- [main] .s.d.r.c.RepositoryConfigurationDelegate : Finished Spring Data repository scanning in 20 ms. Found 0 JDBC repository interfaces.
2025-05-30T23:12:06.885+09:00  INFO 16608 --- [main] o.s.b.w.embedded.tomcat.TomcatWebServer  : Tomcat initialized with port 8080 (http)
2025-05-30T23:12:06.908+09:00  INFO 16608 --- [main] o.apache.catalina.core.StandardService   : Starting service [Tomcat]
2025-05-30T23:12:06.908+09:00  INFO 16608 --- [main] o.apache.catalina.core.StandardEngine    : Starting Servlet engine: [Apache Tomcat/10.1.41]
2025-05-30T23:12:07.210+09:00  INFO 16608 --- [main] org.apache.jasper.servlet.TldScanner     : At least one JAR was scanned for TLDs yet contained no TLDs. Enable debug logging for this logger for a complete list of JARs that were scanned but no TLDs were found in them. Skipping unneeded JARs during scanning can improve startup time and JSP compilation time.
2025-05-30T23:12:07.221+09:00  INFO 16608 --- [main] o.a.c.c.C.[Tomcat].[localhost].[/]       : Initializing Spring embedded WebApplicationContext
2025-05-30T23:12:07.221+09:00  INFO 16608 --- [main] w.s.c.ServletWebServerApplicationContext : Root WebApplicationContext: initialization completed in 2195 ms
2025-05-30T23:12:07.563+09:00  WARN 16608 --- [main] .s.s.UserDetailsServiceAutoConfiguration : 

Using generated security password: 41c5dd26-584b-4852-9179-c167ff936247

This generated password is for development use only. Your security configuration must be updated before running your application in production.

2025-05-30T23:12:07.572+09:00  INFO 16608 --- [main] r$InitializeUserDetailsManagerConfigurer : Global AuthenticationManager configured with UserDetailsService bean with name inMemoryUserDetailsManager
2025-05-30T23:12:07.712+09:00  INFO 16608 --- [main] o.s.b.a.w.s.WelcomePageHandlerMapping    : Adding welcome page template: index
2025-05-30T23:12:08.039+09:00  INFO 16608 --- [main] com.zaxxer.hikari.HikariDataSource       : HikariPool-1 - Starting...
2025-05-30T23:12:08.436+09:00  INFO 16608 --- [main] com.zaxxer.hikari.pool.HikariPool        : HikariPool-1 - Added connection com.mysql.cj.jdbc.ConnectionImpl@536da29c
2025-05-30T23:12:08.438+09:00  INFO 16608 --- [main] com.zaxxer.hikari.HikariDataSource       : HikariPool-1 - Start completed.
2025-05-30T23:12:08.743+09:00  INFO 16608 --- [main] o.s.b.w.embedded.tomcat.TomcatWebServer  : Tomcat started on port 8080 (http) with context path '/'
2025-05-30T23:12:08.752+09:00  INFO 16608 --- [main] com.ground.dogtor.DogtorApplication      : Started DogtorApplication in 4.458 seconds (process running for 4.845)
2025-05-30T23:29:51.780+09:00  INFO 16608 --- [http-nio-8080-exec-1] o.a.c.c.C.[Tomcat].[localhost].[/]       : Initializing Spring DispatcherServlet 'dispatcherServlet'
2025-05-30T23:29:51.780+09:00  INFO 16608 --- [http-nio-8080-exec-1] o.s.web.servlet.DispatcherServlet        : Initializing Servlet 'dispatcherServlet'
2025-05-30T23:29:51.782+09:00  INFO 16608 --- [http-nio-8080-exec-1] o.s.web.servlet.DispatcherServlet        : Completed initialization in 2 ms
2025-05-30T23:30:00.725+09:00  INFO 16608 --- [http-nio-8080-exec-7] c.g.d.d.member.service.MemberService     : [로그인 성공] 사용자: qkrwltkd
